21:44:49 **** Incremental Build of configuration Debug for project otter-nucelo ****
make -j20 all 
arm-none-eabi-gcc "../Core/Src/main.c" -mcpu=cortex-m4 -std=gnu11 -g3 -DDEBUG -DUSE_HAL_DRIVER -DSTM32F446xx -c -I../Core/Inc -I../Drivers/STM32F4xx_HAL_Driver/Inc -I../Drivers/STM32F4xx_HAL_Driver/Inc/Legacy -I../Drivers/CMSIS/Device/ST/STM32F4xx/Include -I../Drivers/CMSIS/Include -O0 -ffunction-sections -fdata-sections -Wall -fstack-usage -fcyclomatic-complexity -MMD -MP -MF"Core/Src/main.d" -MT"Core/Src/main.o" --specs=nano.specs -mfpu=fpv4-sp-d16 -mfloat-abi=hard -mthumb -o "Core/Src/main.o"
arm-none-eabi-gcc -o "otter-nucelo.elf" @"objects.list"   -mcpu=cortex-m4 -T"C:\Users\Matthew King\STM32CubeIDE\workspace_1.17.0\DataAcq-LeaderFirmware\otter-nucelo\STM32F446RETX_FLASH.ld" --specs=nosys.specs -Wl,-Map="otter-nucelo.map" -Wl,--gc-sections -static --specs=nano.specs -mfpu=fpv4-sp-d16 -mfloat-abi=hard -mthumb -Wl,--start-group -lc -lm -Wl,--end-group
Finished building target: otter-nucelo.elf
 
arm-none-eabi-size  otter-nucelo.elf 
arm-none-eabi-objdump -h -S otter-nucelo.elf  > "otter-nucelo.list"
   text	   data	    bss	    dec	    hex	filename
  10900	     12	   1796	  12708	   31a4	otter-nucelo.elf
Finished building: default.size.stdout
 
Finished building: otter-nucelo.list
 
21:44:54 **** Incremental Build of configuration Debug for project otter-nucelo ****
make -j20 all 
arm-none-eabi-size  otter-nucelo.elf 
   text	   data	    bss	    dec	    hex	filename
  10900	     12	   1796	  12708	   31a4	otter-nucelo.elf
Finished building: default.size.stdout
 
21:47:04 **** Incremental Build of configuration Debug for project otter-nucelo ****
make -j20 all 
arm-none-eabi-gcc "../Core/Src/main.c" -mcpu=cortex-m4 -std=gnu11 -g3 -DDEBUG -DUSE_HAL_DRIVER -DSTM32F446xx -c -I../Core/Inc -I../Drivers/STM32F4xx_HAL_Driver/Inc -I../Drivers/STM32F4xx_HAL_Driver/Inc/Legacy -I../Drivers/CMSIS/Device/ST/STM32F4xx/Include -I../Drivers/CMSIS/Include -O0 -ffunction-sections -fdata-sections -Wall -fstack-usage -fcyclomatic-complexity -MMD -MP -MF"Core/Src/main.d" -MT"Core/Src/main.o" --specs=nano.specs -mfpu=fpv4-sp-d16 -mfloat-abi=hard -mthumb -o "Core/Src/main.o"
arm-none-eabi-gcc -o "otter-nucelo.elf" @"objects.list"   -mcpu=cortex-m4 -T"C:\Users\Matthew King\STM32CubeIDE\workspace_1.17.0\DataAcq-LeaderFirmware\otter-nucelo\STM32F446RETX_FLASH.ld" --specs=nosys.specs -Wl,-Map="otter-nucelo.map" -Wl,--gc-sections -static --specs=nano.specs -mfpu=fpv4-sp-d16 -mfloat-abi=hard -mthumb -Wl,--start-group -lc -lm -Wl,--end-group
Finished building target: otter-nucelo.elf
 
arm-none-eabi-size  otter-nucelo.elf 
arm-none-eabi-objdump -h -S otter-nucelo.elf  > "otter-nucelo.list"
   text	   data	    bss	    dec	    hex	filename
  10916	     12	   1796	  12724	   31b4	otter-nucelo.elf
Finished building: default.size.stdout
 
Finished building: otter-nucelo.list
 
22:20:42 **** Incremental Build of configuration Debug for project otter-nucelo ****
make -j20 all 
arm-none-eabi-gcc "../Core/Src/main.c" -mcpu=cortex-m4 -std=gnu11 -g3 -DDEBUG -DUSE_HAL_DRIVER -DSTM32F446xx -c -I../Core/Inc -I../Drivers/STM32F4xx_HAL_Driver/Inc -I../Drivers/STM32F4xx_HAL_Driver/Inc/Legacy -I../Drivers/CMSIS/Device/ST/STM32F4xx/Include -I../Drivers/CMSIS/Include -O0 -ffunction-sections -fdata-sections -Wall -fstack-usage -fcyclomatic-complexity -MMD -MP -MF"Core/Src/main.d" -MT"Core/Src/main.o" --specs=nano.specs -mfpu=fpv4-sp-d16 -mfloat-abi=hard -mthumb -o "Core/Src/main.o"
arm-none-eabi-gcc -o "otter-nucelo.elf" @"objects.list"   -mcpu=cortex-m4 -T"C:\Users\Matthew King\STM32CubeIDE\workspace_1.17.0\DataAcq-LeaderFirmware\otter-nucelo\STM32F446RETX_FLASH.ld" --specs=nosys.specs -Wl,-Map="otter-nucelo.map" -Wl,--gc-sections -static --specs=nano.specs -mfpu=fpv4-sp-d16 -mfloat-abi=hard -mthumb -Wl,--start-group -lc -lm -Wl,--end-group
Finished building target: otter-nucelo.elf
 
arm-none-eabi-size  otter-nucelo.elf 
arm-none-eabi-objdump -h -S otter-nucelo.elf  > "otter-nucelo.list"
   text	   data	    bss	    dec	    hex	filename
  10944	     12	   1796	  12752	   31d0	otter-nucelo.elf
Finished building: default.size.stdout
 
Finished building: otter-nucelo.list
 
22:22:25 **** Incremental Build of configuration Debug for project otter-nucelo ****
make -j20 all 
arm-none-eabi-gcc "../Core/Src/main.c" -mcpu=cortex-m4 -std=gnu11 -g3 -DDEBUG -DUSE_HAL_DRIVER -DSTM32F446xx -c -I../Core/Inc -I../Drivers/STM32F4xx_HAL_Driver/Inc -I../Drivers/STM32F4xx_HAL_Driver/Inc/Legacy -I../Drivers/CMSIS/Device/ST/STM32F4xx/Include -I../Drivers/CMSIS/Include -O0 -ffunction-sections -fdata-sections -Wall -fstack-usage -fcyclomatic-complexity -MMD -MP -MF"Core/Src/main.d" -MT"Core/Src/main.o" --specs=nano.specs -mfpu=fpv4-sp-d16 -mfloat-abi=hard -mthumb -o "Core/Src/main.o"
arm-none-eabi-gcc -o "otter-nucelo.elf" @"objects.list"   -mcpu=cortex-m4 -T"C:\Users\Matthew King\STM32CubeIDE\workspace_1.17.0\DataAcq-LeaderFirmware\otter-nucelo\STM32F446RETX_FLASH.ld" --specs=nosys.specs -Wl,-Map="otter-nucelo.map" -Wl,--gc-sections -static --specs=nano.specs -mfpu=fpv4-sp-d16 -mfloat-abi=hard -mthumb -Wl,--start-group -lc -lm -Wl,--end-group
Finished building target: otter-nucelo.elf
 
arm-none-eabi-size  otter-nucelo.elf 
arm-none-eabi-objdump -h -S otter-nucelo.elf  > "otter-nucelo.list"
   text	   data	    bss	    dec	    hex	filename
  10952	     12	   1796	  12760	   31d8	otter-nucelo.elf
Finished building: default.size.stdout
 
Finished building: otter-nucelo.list
 
23:05:20 **** Incremental Build of configuration Debug for project otter-nucelo ****
make -j20 all 
arm-none-eabi-size  otter-nucelo.elf 
   text	   data	    bss	    dec	    hex	filename
  10916	     12	   1796	  12724	   31b4	otter-nucelo.elf
Finished building: default.size.stdout
 
23:10:08 **** Incremental Build of configuration Debug for project otter-nucelo ****
make -j20 all 
arm-none-eabi-gcc "../Core/Src/main.c" -mcpu=cortex-m4 -std=gnu11 -g3 -DDEBUG -DUSE_HAL_DRIVER -DSTM32F446xx -c -I../Core/Inc -I../Drivers/STM32F4xx_HAL_Driver/Inc -I../Drivers/STM32F4xx_HAL_Driver/Inc/Legacy -I../Drivers/CMSIS/Device/ST/STM32F4xx/Include -I../Drivers/CMSIS/Include -O0 -ffunction-sections -fdata-sections -Wall -fstack-usage -fcyclomatic-complexity -MMD -MP -MF"Core/Src/main.d" -MT"Core/Src/main.o" --specs=nano.specs -mfpu=fpv4-sp-d16 -mfloat-abi=hard -mthumb -o "Core/Src/main.o"
arm-none-eabi-gcc -o "otter-nucelo.elf" @"objects.list"   -mcpu=cortex-m4 -T"C:\Users\Matthew King\STM32CubeIDE\workspace_1.17.0\DataAcq-LeaderFirmware\otter-nucelo\STM32F446RETX_FLASH.ld" --specs=nosys.specs -Wl,-Map="otter-nucelo.map" -Wl,--gc-sections -static --specs=nano.specs -mfpu=fpv4-sp-d16 -mfloat-abi=hard -mthumb -Wl,--start-group -lc -lm -Wl,--end-group
Finished building target: otter-nucelo.elf
 
arm-none-eabi-size  otter-nucelo.elf 
arm-none-eabi-objdump -h -S otter-nucelo.elf  > "otter-nucelo.list"
   text	   data	    bss	    dec	    hex	filename
  10920	     12	   1796	  12728	   31b8	otter-nucelo.elf
Finished building: default.size.stdout
 
Finished building: otter-nucelo.list
 
23:14:29 **** Incremental Build of configuration Debug for project otter-nucelo ****
make -j20 all 
arm-none-eabi-size  otter-nucelo.elf 
   text	   data	    bss	    dec	    hex	filename
  10920	     12	   1796	  12728	   31b8	otter-nucelo.elf
Finished building: default.size.stdout
 
